<?xml version="1.0" encoding="UTF-8"?>
<!-- Generated by org.testng.reporters.JUnitXMLReporter -->
<testsuite hostname="del1-lhp-n65294" ignored="0" name="Default test" tests="3" failures="0" timestamp="08 Aug 2019 06:45:24 GMT" time="24.165" errors="0">
  <testcase name="test1" time="10.045" classname="multi.threads.NewTest"/>
  <testcase name="test2" time="9.679" classname="multi.threads.NewTest"/>
  <testcase name="test3" time="4.406" classname="multi.threads.NewTest"/>
</testsuite> <!-- Default test -->
