<?xml version="1.0" encoding="UTF-8"?>
<testsuite xmlns:xsi="http://www.w3.org/2001/XMLSchema-instance" xsi:noNamespaceSchemaLocation="https://maven.apache.org/surefire/maven-surefire-plugin/xsd/surefire-test-report.xsd" name="TestSuite" time="11.328" tests="1" errors="0" skipped="0" failures="1">
  <properties>
[...]
</properties>
  <testcase name="make_purchase" classname="satyam.mandal.NewTest" time="1.62">
    <failure message="no such element: Unable to locate element: {&quot;method&quot;:&quot;xpath&quot;,&quot;selector&quot;:&quot;//input[@id=&quot;add-to-cart-button-72&quot;]&quot;}&#10;  (Session info: chrome=76.0.3809.87)&#10;For documentation on this error, please visit: https://www.seleniumhq.org/exceptions/no_such_element.html&#10;Build info: version: &apos;3.141.59&apos;, revision: &apos;e82be7d358&apos;, time: &apos;2018-11-14T08:17:03&apos;&#10;System info: host: &apos;DEL1-LHP-N65294&apos;, ip: &apos;172.16.70.186&apos;, os.name: &apos;Windows 10&apos;, os.arch: &apos;amd64&apos;, os.version: &apos;10.0&apos;, java.version: &apos;1.8.0_221&apos;&#10;Driver info: org.openqa.selenium.chrome.ChromeDriver&#10;Capabilities {acceptInsecureCerts: false, browserName: chrome, browserVersion: 76.0.3809.87, chrome: {chromedriverVersion: 75.0.3770.140 (2d9f97485c7b..., userDataDir: C:\Users\SATYAM~1.MAN\AppDa...}, goog:chromeOptions: {debuggerAddress: localhost:59175}, javascriptEnabled: true, networkConnectionEnabled: false, pageLoadStrategy: normal, platform: XP, platformName: XP, proxy: Proxy(), setWindowRect: true, strictFileInteractability: false, timeouts: {implicit: 0, pageLoad: 300000, script: 30000}, unhandledPromptBehavior: dismiss and notify}&#10;Session ID: 71379f6463762494c6f9affb96125fc2&#10;*** Element info: {Using=xpath, value=//input[@id=&quot;add-to-cart-button-72&quot;]}" type="org.openqa.selenium.NoSuchElementException">org.openqa.selenium.NoSuchElementException: 
no such element: Unable to locate element: {"method":"xpath","selector":"//input[@id="add-to-cart-button-72"]"}
  (Session info: chrome=76.0.3809.87)
For documentation on this error, please visit: https://www.seleniumhq.org/exceptions/no_such_element.html
Build info: version: '3.141.59', revision: 'e82be7d358', time: '2018-11-14T08:17:03'
System info: host: 'DEL1-LHP-N65294', ip: '172.16.70.186', os.name: 'Windows 10', os.arch: 'amd64', os.version: '10.0', java.version: '1.8.0_221'
Driver info: org.openqa.selenium.chrome.ChromeDriver
Capabilities {acceptInsecureCerts: false, browserName: chrome, browserVersion: 76.0.3809.87, chrome: {chromedriverVersion: 75.0.3770.140 (2d9f97485c7b..., userDataDir: C:\Users\SATYAM~1.MAN\AppDa...}, goog:chromeOptions: {debuggerAddress: localhost:59175}, javascriptEnabled: true, networkConnectionEnabled: false, pageLoadStrategy: normal, platform: XP, platformName: XP, proxy: Proxy(), setWindowRect: true, strictFileInteractability: false, timeouts: {implicit: 0, pageLoad: 300000, script: 30000}, unhandledPromptBehavior: dismiss and notify}
Session ID: 71379f6463762494c6f9affb96125fc2
*** Element info: {Using=xpath, value=//input[@id="add-to-cart-button-72"]}
	at satyam.mandal.NewTest.make_purchase(NewTest.java:31)
</failure>
    <system-err><![CDATA[Starting ChromeDriver 75.0.3770.140 (2d9f97485c7b07dc18a74666574f19176731995c-refs/branch-heads/3770@{#1155}) on port 47336
Only local connections are allowed.
Please protect ports used by ChromeDriver and related test frameworks to prevent access by malicious code.
[1565159181.817][WARNING]: This version of ChromeDriver has not been tested with Chrome version 76.
Aug 07, 2019 11:56:23 AM org.openqa.selenium.remote.ProtocolHandshake createSession
INFO: Detected dialect: W3C
]]></system-err>
  </testcase>
</testsuite>