<?xml version="1.0" encoding="UTF-8"?>
<testng-results skipped="0" failed="0" ignored="0" total="3" passed="3">
  <reporter-output>
  </reporter-output>
  <suite name="Default suite" duration-ms="26880" started-at="2019-08-06T05:47:17Z" finished-at="2019-08-06T05:47:44Z">
    <groups>
    </groups>
    <test name="Default test" duration-ms="26880" started-at="2019-08-06T05:47:17Z" finished-at="2019-08-06T05:47:44Z">
      <class name="satyam.mandal2.NewTest">
        <test-method status="PASS" signature="attempt_login(java.lang.String, java.lang.String, java.lang.String)[pri:0, instance:satyam.mandal2.NewTest@5034c75a]" name="attempt_login" duration-ms="9988" started-at="2019-08-06T05:47:18Z" data-provider="logindataprovider" finished-at="2019-08-06T05:47:28Z">
          <params>
            <param index="0">
              <value>
                <![CDATA[mandal0927@gmail.com]]>
              </value>
            </param>
            <param index="1">
              <value>
                <![CDATA[satty0927]]>
              </value>
            </param>
            <param index="2">
              <value>
                <![CDATA[mandalsatyam333@gmail.com]]>
              </value>
            </param>
          </params>
          <reporter-output>
          </reporter-output>
        </test-method> <!-- attempt_login -->
        <test-method status="PASS" signature="attempt_login(java.lang.String, java.lang.String, java.lang.String)[pri:0, instance:satyam.mandal2.NewTest@5034c75a]" name="attempt_login" duration-ms="8286" started-at="2019-08-06T05:47:28Z" data-provider="logindataprovider" finished-at="2019-08-06T05:47:36Z">
          <params>
            <param index="0">
              <value>
                <![CDATA[mandal0927@gmail.com]]>
              </value>
            </param>
            <param index="1">
              <value>
                <![CDATA[satty0927]]>
              </value>
            </param>
            <param index="2">
              <value>
                <![CDATA[mandalsatyam333@gmail.com]]>
              </value>
            </param>
          </params>
          <reporter-output>
          </reporter-output>
        </test-method> <!-- attempt_login -->
        <test-method status="PASS" signature="attempt_login(java.lang.String, java.lang.String, java.lang.String)[pri:0, instance:satyam.mandal2.NewTest@5034c75a]" name="attempt_login" duration-ms="8234" started-at="2019-08-06T05:47:36Z" data-provider="logindataprovider" finished-at="2019-08-06T05:47:44Z">
          <params>
            <param index="0">
              <value>
                <![CDATA[mandal0927@gmail.com]]>
              </value>
            </param>
            <param index="1">
              <value>
                <![CDATA[satty0927]]>
              </value>
            </param>
            <param index="2">
              <value>
                <![CDATA[mandalsatyam333@gmail.com]]>
              </value>
            </param>
          </params>
          <reporter-output>
          </reporter-output>
        </test-method> <!-- attempt_login -->
      </class> <!-- satyam.mandal2.NewTest -->
    </test> <!-- Default test -->
  </suite> <!-- Default suite -->
</testng-results>
