<?xml version="1.0" encoding="UTF-8"?>
<!-- Generated by org.testng.reporters.JUnitXMLReporter -->
<testsuite hostname="del1-lhp-n65294" ignored="0" name="Default test" tests="3" failures="0" timestamp="06 Aug 2019 05:47:44 GMT" time="26.88" errors="0">
  <testcase name="attempt_login" time="9.988" classname="satyam.mandal2.NewTest"/>
  <testcase name="attempt_login" time="8.286" classname="satyam.mandal2.NewTest"/>
  <testcase name="attempt_login" time="8.234" classname="satyam.mandal2.NewTest"/>
</testsuite> <!-- Default test -->
