<?xml version="1.0" encoding="UTF-8"?>
<testng-results skipped="0" failed="0" ignored="0" total="3" passed="3">
  <reporter-output>
  </reporter-output>
  <suite name="Default suite" duration-ms="26" started-at="2019-08-08T10:12:37Z" finished-at="2019-08-08T10:12:37Z">
    <groups>
    </groups>
    <test name="Default test" duration-ms="26" started-at="2019-08-08T10:12:37Z" finished-at="2019-08-08T10:12:37Z">
      <class name="cricket.program.NewTest">
        <test-method status="PASS" signature="test4()[pri:0, instance:cricket.program.NewTest@36d4b5c]" name="test4" is-config="true" duration-ms="0" started-at="2019-08-08T10:12:37Z" finished-at="2019-08-08T10:12:37Z">
          <reporter-output>
          </reporter-output>
        </test-method> <!-- test4 -->
        <test-method status="PASS" signature="test1()[pri:0, instance:cricket.program.NewTest@36d4b5c]" name="test1" duration-ms="0" started-at="2019-08-08T10:12:37Z" finished-at="2019-08-08T10:12:37Z">
          <reporter-output>
          </reporter-output>
        </test-method> <!-- test1 -->
        <test-method status="PASS" signature="test7()[pri:0, instance:cricket.program.NewTest@36d4b5c]" name="test7" is-config="true" duration-ms="0" started-at="2019-08-08T10:12:37Z" finished-at="2019-08-08T10:12:37Z">
          <reporter-output>
          </reporter-output>
        </test-method> <!-- test7 -->
        <test-method status="PASS" signature="test7()[pri:0, instance:cricket.program.NewTest@36d4b5c]" name="test7" is-config="true" duration-ms="0" started-at="2019-08-08T10:12:37Z" finished-at="2019-08-08T10:12:37Z">
          <reporter-output>
          </reporter-output>
        </test-method> <!-- test7 -->
        <test-method status="PASS" signature="test7()[pri:0, instance:cricket.program.NewTest@36d4b5c]" name="test7" is-config="true" duration-ms="0" started-at="2019-08-08T10:12:37Z" finished-at="2019-08-08T10:12:37Z">
          <reporter-output>
          </reporter-output>
        </test-method> <!-- test7 -->
        <test-method status="PASS" signature="test6()[pri:0, instance:cricket.program.NewTest@36d4b5c]" name="test6" is-config="true" duration-ms="0" started-at="2019-08-08T10:12:37Z" finished-at="2019-08-08T10:12:37Z">
          <reporter-output>
          </reporter-output>
        </test-method> <!-- test6 -->
        <test-method status="PASS" signature="test6()[pri:0, instance:cricket.program.NewTest@36d4b5c]" name="test6" is-config="true" duration-ms="0" started-at="2019-08-08T10:12:37Z" finished-at="2019-08-08T10:12:37Z">
          <reporter-output>
          </reporter-output>
        </test-method> <!-- test6 -->
        <test-method status="PASS" signature="test5()[pri:0, instance:cricket.program.NewTest@36d4b5c]" name="test5" is-config="true" duration-ms="0" started-at="2019-08-08T10:12:37Z" finished-at="2019-08-08T10:12:37Z">
          <reporter-output>
          </reporter-output>
        </test-method> <!-- test5 -->
        <test-method status="PASS" signature="test6()[pri:0, instance:cricket.program.NewTest@36d4b5c]" name="test6" is-config="true" duration-ms="0" started-at="2019-08-08T10:12:37Z" finished-at="2019-08-08T10:12:37Z">
          <reporter-output>
          </reporter-output>
        </test-method> <!-- test6 -->
        <test-method status="PASS" signature="test2()[pri:0, instance:cricket.program.NewTest@36d4b5c]" name="test2" duration-ms="0" started-at="2019-08-08T10:12:37Z" finished-at="2019-08-08T10:12:37Z">
          <reporter-output>
          </reporter-output>
        </test-method> <!-- test2 -->
        <test-method status="PASS" signature="test3()[pri:0, instance:cricket.program.NewTest@36d4b5c]" name="test3" duration-ms="0" started-at="2019-08-08T10:12:37Z" finished-at="2019-08-08T10:12:37Z">
          <reporter-output>
          </reporter-output>
        </test-method> <!-- test3 -->
      </class> <!-- cricket.program.NewTest -->
    </test> <!-- Default test -->
  </suite> <!-- Default suite -->
</testng-results>
