<?xml version="1.0" encoding="UTF-8"?>
<!-- Generated by org.testng.reporters.JUnitXMLReporter -->
<testsuite hostname="del1-lhp-n65294" ignored="0" name="Default test" tests="3" failures="0" timestamp="08 Aug 2019 10:12:37 GMT" time="0.026" errors="0">
  <testcase name="test1" time="0.0" classname="cricket.program.NewTest"/>
  <testcase name="test2" time="0.0" classname="cricket.program.NewTest"/>
  <testcase name="test3" time="0.0" classname="cricket.program.NewTest"/>
</testsuite> <!-- Default test -->
