<?xml version="1.0" encoding="UTF-8"?>
<testng-results skipped="0" failed="1" ignored="0" total="4" passed="3">
  <reporter-output>
  </reporter-output>
  <suite name="Suite" duration-ms="46676" started-at="2019-08-08T07:07:26Z" finished-at="2019-08-08T07:08:13Z">
    <groups>
    </groups>
    <test name="Test" duration-ms="46676" started-at="2019-08-08T07:07:26Z" finished-at="2019-08-08T07:08:13Z">
      <class name="multi.threads.NewTest">
        <test-method status="PASS" signature="test1()[pri:0, instance:multi.threads.NewTest@51efea79]" name="test1" duration-ms="10822" started-at="2019-08-08T07:07:26Z" finished-at="2019-08-08T07:07:37Z">
          <reporter-output>
          </reporter-output>
        </test-method> <!-- test1 -->
        <test-method status="PASS" signature="test2()[pri:0, instance:multi.threads.NewTest@51efea79]" name="test2" duration-ms="15512" started-at="2019-08-08T07:07:26Z" finished-at="2019-08-08T07:07:42Z">
          <reporter-output>
          </reporter-output>
        </test-method> <!-- test2 -->
        <test-method status="PASS" signature="test3()[pri:0, instance:multi.threads.NewTest@51efea79]" name="test3" duration-ms="5820" started-at="2019-08-08T07:07:37Z" finished-at="2019-08-08T07:07:43Z">
          <reporter-output>
          </reporter-output>
        </test-method> <!-- test3 -->
        <test-method status="FAIL" signature="stop_all()[pri:99, instance:multi.threads.NewTest@51efea79]" name="stop_all" duration-ms="30008" started-at="2019-08-08T07:07:43Z" finished-at="2019-08-08T07:08:13Z">
          <exception class="java.lang.NullPointerException">
            <full-stacktrace>
              <![CDATA[java.lang.NullPointerException
at multi.threads.NewTest.stop_all(NewTest.java:42)
at sun.reflect.NativeMethodAccessorImpl.invoke0(Native Method)
at sun.reflect.NativeMethodAccessorImpl.invoke(Unknown Source)
at sun.reflect.DelegatingMethodAccessorImpl.invoke(Unknown Source)
at java.lang.reflect.Method.invoke(Unknown Source)
at org.testng.internal.MethodInvocationHelper.invokeMethod(MethodInvocationHelper.java:124)
at org.testng.internal.Invoker.invokeMethod(Invoker.java:583)
at org.testng.internal.Invoker.invokeTestMethod(Invoker.java:719)
at org.testng.internal.Invoker.invokeTestMethods(Invoker.java:989)
at org.testng.internal.TestMethodWorker.invokeTestMethods(TestMethodWorker.java:125)
at org.testng.internal.TestMethodWorker.run(TestMethodWorker.java:109)
at java.util.concurrent.ThreadPoolExecutor.runWorker(Unknown Source)
at java.util.concurrent.ThreadPoolExecutor$Worker.run(Unknown Source)
at java.lang.Thread.run(Unknown Source)
]]>
            </full-stacktrace>
          </exception> <!-- java.lang.NullPointerException -->
          <reporter-output>
          </reporter-output>
        </test-method> <!-- stop_all -->
      </class> <!-- multi.threads.NewTest -->
    </test> <!-- Test -->
  </suite> <!-- Suite -->
</testng-results>
