<?xml version="1.0" encoding="UTF-8"?>
<testng-results skipped="0" failed="0" ignored="0" total="2" passed="2">
  <reporter-output>
  </reporter-output>
  <suite name="Default suite" duration-ms="94" started-at="2019-08-06T07:13:23Z" finished-at="2019-08-06T07:13:23Z">
    <groups>
    </groups>
    <test name="Default test" duration-ms="94" started-at="2019-08-06T07:13:23Z" finished-at="2019-08-06T07:13:23Z">
      <class name="satyam.mandal.NewTest">
        <test-method status="PASS" signature="fun1()[pri:0, instance:satyam.mandal.NewTest@7c0e2abd]" name="fun1" duration-ms="62" started-at="2019-08-06T07:13:23Z" finished-at="2019-08-06T07:13:23Z">
          <reporter-output>
          </reporter-output>
        </test-method> <!-- fun1 -->
        <test-method status="PASS" signature="fun2()[pri:0, instance:satyam.mandal.NewTest@7c0e2abd]" name="fun2" duration-ms="16" started-at="2019-08-06T07:13:23Z" finished-at="2019-08-06T07:13:23Z">
          <reporter-output>
          </reporter-output>
        </test-method> <!-- fun2 -->
      </class> <!-- satyam.mandal.NewTest -->
    </test> <!-- Default test -->
  </suite> <!-- Default suite -->
</testng-results>
