<?xml version="1.0" encoding="UTF-8"?>
<testng-results skipped="0" failed="0" ignored="0" total="1" passed="1">
  <reporter-output>
  </reporter-output>
  <suite name="Default suite" duration-ms="10937" started-at="2019-08-06T11:46:31Z" finished-at="2019-08-06T11:46:42Z">
    <groups>
    </groups>
    <test name="Default test" duration-ms="10937" started-at="2019-08-06T11:46:31Z" finished-at="2019-08-06T11:46:42Z">
      <class name="satyam.mandal.NewTest">
        <test-method status="PASS" signature="fiat()[pri:0, instance:satyam.mandal.NewTest@675d3402]" name="fiat" duration-ms="10918" started-at="2019-08-06T11:46:31Z" finished-at="2019-08-06T11:46:42Z">
          <reporter-output>
          </reporter-output>
        </test-method> <!-- fiat -->
      </class> <!-- satyam.mandal.NewTest -->
    </test> <!-- Default test -->
  </suite> <!-- Default suite -->
</testng-results>
