<?xml version="1.0" encoding="UTF-8"?>
<testng-results skipped="0" failed="0" ignored="0" total="1" passed="1">
  <reporter-output>
  </reporter-output>
  <suite name="Default suite" duration-ms="21145" started-at="2019-08-07T09:15:34Z" finished-at="2019-08-07T09:15:55Z">
    <groups>
      <group name="cucumber">
        <method signature="AbstractTestNGCucumberTests.feature(cucumber.api.testng.CucumberFeatureWrapper)[pri:0, instance:testrunner_pkg.testrunner@4c70fda8]" name="feature" class="cucumber.api.testng.AbstractTestNGCucumberTests"/>
      </group> <!-- cucumber -->
    </groups>
    <test name="Default test" duration-ms="21145" started-at="2019-08-07T09:15:34Z" finished-at="2019-08-07T09:15:55Z">
      <class name="testrunner_pkg.testrunner">
        <test-method status="PASS" signature="setUpClass()[pri:0, instance:testrunner_pkg.testrunner@4c70fda8]" name="setUpClass" is-config="true" duration-ms="157" started-at="2019-08-07T09:15:34Z" finished-at="2019-08-07T09:15:34Z">
          <reporter-output>
          </reporter-output>
        </test-method> <!-- setUpClass -->
        <test-method status="PASS" signature="feature(cucumber.api.testng.CucumberFeatureWrapper)[pri:0, instance:testrunner_pkg.testrunner@4c70fda8]" name="feature" duration-ms="20906" started-at="2019-08-07T09:15:34Z" description="Runs Cucumber Feature" data-provider="features" finished-at="2019-08-07T09:15:55Z">
          <params>
            <param index="0">
              <value>
                <![CDATA[Facebook login]]>
              </value>
            </param>
          </params>
          <reporter-output>
          </reporter-output>
        </test-method> <!-- feature -->
        <test-method status="PASS" signature="tearDownClass()[pri:0, instance:testrunner_pkg.testrunner@4c70fda8]" name="tearDownClass" is-config="true" duration-ms="2" started-at="2019-08-07T09:15:55Z" finished-at="2019-08-07T09:15:55Z">
          <reporter-output>
          </reporter-output>
        </test-method> <!-- tearDownClass -->
      </class> <!-- testrunner_pkg.testrunner -->
    </test> <!-- Default test -->
  </suite> <!-- Default suite -->
</testng-results>
